# JRE version: OpenJDK Runtime Environment (11.0.11+9) (build 11.0.11+9-b60-7590822)
# Java VM: OpenJDK 64-Bit Server VM (11.0.11+9-b60-7590822, mixed mode, tiered, compressed oops, g1 gc, windows-amd64)
Heap:
 garbage-first heap   total 155648K, used 25742K [0x0000000082600000, 0x0000000100000000)
  region size 1024K, 5 young (5120K), 5 survivors (5120K)
 Metaspace       used 44929K, capacity 45369K, committed 45648K, reserved 1089536K
  class space    used 5411K, capacity 5600K, committed 5632K, reserved 1048576K
GC Heap History (9 events):
Event: 0.886 GC heap before
{Heap before GC invocations=0 (full 0):
 garbage-first heap   total 129024K, used 27648K [0x0000000082600000, 0x0000000100000000)
  region size 1024K, 24 young (24576K), 0 survivors (0K)
 Metaspace       used 12401K, capacity 12568K, committed 12800K, reserved 1060864K
  class space    used 1171K, capacity 1207K, committed 1280K, reserved 1048576K
}
Event: 0.893 GC heap after
{Heap after GC invocations=1 (full 0):
 garbage-first heap   total 129024K, used 5799K [0x0000000082600000, 0x0000000100000000)
  region size 1024K, 3 young (3072K), 3 survivors (3072K)
 Metaspace       used 12401K, capacity 12568K, committed 12800K, reserved 1060864K
  class space    used 1171K, capacity 1207K, committed 1280K, reserved 1048576K
}
Event: 2.047 GC heap before
{Heap before GC invocations=1 (full 0):
 garbage-first heap   total 129024K, used 40615K [0x0000000082600000, 0x0000000100000000)
  region size 1024K, 38 young (38912K), 3 survivors (3072K)
 Metaspace       used 20865K, capacity 21086K, committed 21296K, reserved 1069056K
  class space    used 2220K, capacity 2312K, committed 2432K, reserved 1048576K
}
Event: 2.063 GC heap after
{Heap after GC invocations=2 (full 0):
 garbage-first heap   total 129024K, used 9328K [0x0000000082600000, 0x0000000100000000)
  region size 1024K, 7 young (7168K), 7 survivors (7168K)
 Metaspace       used 20865K, capacity 21086K, committed 21296K, reserved 1069056K
  class space    used 2220K, capacity 2312K, committed 2432K, reserved 1048576K
}
Event: 5.064 GC heap before
{Heap before GC invocations=3 (full 0):
 garbage-first heap   total 129024K, used 62576K [0x0000000082600000, 0x0000000100000000)
  region size 1024K, 54 young (55296K), 7 survivors (7168K)
 Metaspace       used 32619K, capacity 33080K, committed 33200K, reserved 1079296K
  class space    used 4094K, capacity 4278K, committed 4352K, reserved 1048576K
}
Event: 5.090 GC heap after
{Heap after GC invocations=4 (full 0):
 garbage-first heap   total 129024K, used 20134K [0x0000000082600000, 0x0000000100000000)
  region size 1024K, 7 young (7168K), 7 survivors (7168K)
 Metaspace       used 32619K, capacity 33080K, committed 33200K, reserved 1079296K
  class space    used 4094K, capacity 4278K, committed 4352K, reserved 1048576K
}
Event: 5.397 GC heap before
{Heap before GC invocations=4 (full 0):
 garbage-first heap   total 129024K, used 32422K [0x0000000082600000, 0x0000000100000000)
  region size 1024K, 20 young (20480K), 7 survivors (7168K)
 Metaspace       used 35427K, capacity 35843K, committed 35920K, reserved 1081344K
  class space    used 4406K, capacity 4602K, committed 4608K, reserved 1048576K
}
Event: 5.416 GC heap after
{Heap after GC invocations=5 (full 0):
 garbage-first heap   total 129024K, used 22360K [0x0000000082600000, 0x0000000100000000)
  region size 1024K, 7 young (7168K), 7 survivors (7168K)
 Metaspace       used 35427K, capacity 35843K, committed 35920K, reserved 1081344K
  class space    used 4406K, capacity 4602K, committed 4608K, reserved 1048576K
}
Event: 6.426 GC heap before
{Heap before GC invocations=6 (full 0):
 garbage-first heap   total 129024K, used 67416K [0x0000000082600000, 0x0000000100000000)
  region size 1024K, 51 young (52224K), 7 survivors (7168K)
 Metaspace       used 44929K, capacity 45369K, committed 45648K, reserved 1089536K
  class space    used 5411K, capacity 5600K, committed 5632K, reserved 1048576K
}

